Removed Member From Class: ClassName=Designator Member=C101
Removed Member From Class: ClassName=Designator Member=C102
Removed Member From Class: ClassName=Designator Member=C103
Removed Member From Class: ClassName=Designator Member=C104
Removed Member From Class: ClassName=Designator Member=C106
Removed Member From Class: ClassName=Designator Member=C107
Removed Member From Class: ClassName=Designator Member=C201
Removed Member From Class: ClassName=Designator Member=C202
Removed Member From Class: ClassName=Designator Member=C203
Removed Member From Class: ClassName=Designator Member=C204
Removed Member From Class: ClassName=Designator Member=C205
Removed Member From Class: ClassName=Designator Member=C206
Removed Member From Class: ClassName=Designator Member=C207
Removed Member From Class: ClassName=Designator Member=D101
Removed Member From Class: ClassName=Designator Member=D102
Removed Member From Class: ClassName=Designator Member=D201
Removed Member From Class: ClassName=Designator Member=D202
Removed Member From Class: ClassName=Designator Member=D203
Removed Member From Class: ClassName=Designator Member=D204
Removed Member From Class: ClassName=Designator Member=J101
Removed Member From Class: ClassName=Designator Member=L201
Removed Member From Class: ClassName=Designator Member=LED100
Removed Member From Class: ClassName=Designator Member=R101
Removed Member From Class: ClassName=Designator Member=R102
Removed Member From Class: ClassName=Designator Member=R103
Removed Member From Class: ClassName=Designator Member=R105
Removed Member From Class: ClassName=Designator Member=R106
Removed Member From Class: ClassName=Designator Member=R107
Removed Member From Class: ClassName=Designator Member=R108
Removed Member From Class: ClassName=Designator Member=R201
Removed Member From Class: ClassName=Designator Member=R202
Removed Member From Class: ClassName=Designator Member=S101
Removed Member From Class: ClassName=Designator Member=U101
Removed Member From Class: ClassName=Designator Member=U202
Removed Member From Class: ClassName=Designator Member=USB201
Removed Member From Class: ClassName=Designator Member=Y101
Removed Member From Class: ClassName=Designator Member=Y201
Added Room: Name=Designator
Added Room: Name=Designator
Added Room: Name=Designator
Added Room: Name=TOP
