Removed Pin From Net: NetName=BATERIA_IN Pin=P4-1
Removed Pin From Net: NetName=BATERIA_OUT Pin=P?-7
Removed Pin From Net: NetName=ALCC Pin=R20-1
Removed Pin From Net: NetName=ALCC Pin=U20-1
Removed Pin From Net: NetName=SDA Pin=U20-2
Removed Pin From Net: NetName=SCL Pin=U20-3
Change Component Comment : Designator=D201 Old Comment=#NAME? New Comment=1651159
Change Component Comment : Designator=D202 Old Comment=#NAME? New Comment=1651159
Change Component Comment : Designator=D203 Old Comment=#NAME? New Comment=1651159
Change Component Comment : Designator=D204 Old Comment=#NAME? New Comment=1651159
Change Component Comment : Designator=D102 Old Comment=#NAME? New Comment=2290341
Change Component Comment : Designator=L201 Old Comment=#NAME? New Comment=744232090
Change Component Comment : Designator=Y201 Old Comment=#NAME? New Comment=CSTCE8M00G55-R0
Change Component Comment : Designator=Y101 Old Comment=#NAME? New Comment=CSTCR4M00G15L99-R0
Change Component Comment : Designator=D101 Old Comment=#NAME? New Comment=KPHHS-1005QBC-D-V
Change Component Comment : Designator=U504 Old Comment=#NAME? New Comment=LP3878MRX-ADJ/NOPB
Change Component Comment : Designator=U101 Old Comment=#NAME? New Comment=MSP430F5528IRGCR
Change Component Comment : Designator=U20 Old Comment=#NAME? New Comment=STMicroelectronics
Change Component Comment : Designator=U502 Old Comment=#NAME? New Comment=TPS7A4901DGN
Change Component Comment : Designator=U503 Old Comment=#NAME? New Comment=TPS7A4901DGN
Added Pin To Net: NetName=3V3 Pin=C22-1
Added Pin To Net: NetName=PGND Pin=C22-2
Added Pin To Net: NetName=PGND Pin=C23-2
Added Pin To Net: NetName=PGND Pin=C24-2
Added Pin To Net: NetName=PGND Pin=C26-2
Added Pin To Net: NetName=PGND Pin=C27-2
Added Pin To Net: NetName=PGND Pin=C28-2
Added Pin To Net: NetName=PGND Pin=C29-2
Added Pin To Net: NetName=PGND Pin=C30-2
Added Pin To Net: NetName=AVCC Pin=C101-1
Added Pin To Net: NetName=PGND Pin=C102-2
Added Pin To Net: NetName=PGND Pin=C103-2
Added Pin To Net: NetName=PGND Pin=C104-2
Added Pin To Net: NetName=PGND Pin=C105-2
Added Pin To Net: NetName=PGND Pin=C106-2
Added Pin To Net: NetName=AVCC Pin=C107-1
Added Pin To Net: NetName=PGND Pin=C201-2
Added Pin To Net: NetName=PGND Pin=C202-2
Added Pin To Net: NetName=PGND Pin=C203-2
Added Pin To Net: NetName=PGND Pin=C204-2
Added Pin To Net: NetName=PGND Pin=C205-2
Added Pin To Net: NetName=PGND Pin=C206-2
Added Pin To Net: NetName=PGND Pin=C207-2
Added Pin To Net: NetName=BATERIA_OUT Pin=C501-1
Added Pin To Net: NetName=3V3 Pin=C510-1
Added Pin To Net: NetName=3V3 Pin=C512-1
Added Pin To Net: NetName=RX_DIG_SUP Pin=C516-1
Added Pin To Net: NetName=LED_DRV_SUP Pin=C520-1
Added Pin To Net: NetName=TX_CTRL_SUP Pin=C521-1
Added Pin To Net: NetName=VIN Pin=D20-1
Added Pin To Net: NetName=PGND Pin=D201-1
Added Pin To Net: NetName=RX_SUP Pin=D201-2
Added Pin To Net: NetName=PGND Pin=D202-1
Added Pin To Net: NetName=RX_SUP Pin=D202-2
Added Pin To Net: NetName=PGND Pin=D203-1
Added Pin To Net: NetName=PGND Pin=D204-1
Added Pin To Net: NetName=PGND Pin=J101-9
Added Pin To Net: NetName=PGND Pin=L102-1
Added Pin To Net: NetName=BATERIA_OUT Pin=L501-1
Added Pin To Net: NetName=3V3 Pin=L502-1
Added Pin To Net: NetName=RX_DIG_SUP Pin=L503-2
Added Pin To Net: NetName=LED_DRV_SUP Pin=L505-2
Added Pin To Net: NetName=TX_CTRL_SUP Pin=L506-2
Added Pin To Net: NetName=3V3 Pin=R20-2
Added Pin To Net: NetName=3V3 Pin=R21-2
Added Pin To Net: NetName=PGND Pin=R25-1
Added Pin To Net: NetName=PGND Pin=R28-1
Added Pin To Net: NetName=PGND Pin=R29-1
Added Pin To Net: NetName=PGND Pin=R101-1
Added Pin To Net: NetName=AFE_CLKOUT Pin=R102-1
Added Pin To Net: NetName=PGND Pin=R103-1
Added Pin To Net: NetName=PGND Pin=R105-1
Added Pin To Net: NetName=3V3 Pin=R505-2
Added Pin To Net: NetName=BATERIA_OUT Pin=R511-1
Added Pin To Net: NetName=3V3 Pin=TP503-1
Added Pin To Net: NetName=PGND Pin=U20-4
Added Pin To Net: NetName=PGND Pin=U21-3
Added Pin To Net: NetName=PGND Pin=U22-2
Added Pin To Net: NetName=AVCC Pin=U101-11
Added Pin To Net: NetName=PGND Pin=U101-16
Added Pin To Net: NetName=ACLK_MSP430 Pin=U101-18
Added Pin To Net: NetName=AFE_DIAG_END Pin=U101-28
Added Pin To Net: NetName=AFE_RESETZ Pin=U101-29
Added Pin To Net: NetName=AFE_PDNZ Pin=U101-30
Added Pin To Net: NetName=AFE_ADC_RDY Pin=U101-31
Added Pin To Net: NetName=AFE_PD_ALM Pin=U101-32
Added Pin To Net: NetName=AFE_LED_ALM Pin=U101-33
Added Pin To Net: NetName=PGND Pin=U101-39
Added Pin To Net: NetName=SPI_STE Pin=U101-41
Added Pin To Net: NetName=SPI_SIMO Pin=U101-42
Added Pin To Net: NetName=SPI_SOMI Pin=U101-43
Added Pin To Net: NetName=SPI_CLK Pin=U101-44
Added Pin To Net: NetName=PGND Pin=U101-49
Added Pin To Net: NetName=PGND Pin=U202-3
Added Pin To Net: NetName=PGND Pin=U202-8
Added Pin To Net: NetName=PGND Pin=U202-12
Added Pin To Net: NetName=PGND Pin=U202-13
Added Pin To Net: NetName=PGND Pin=U202-16
Added Pin To Net: NetName=PGND Pin=U202-19
Added Pin To Net: NetName=PGND Pin=U202-32
Added Pin To Net: NetName=PGND Pin=U202-36
Added Pin To Net: NetName=PGND Pin=U202-40
Added Pin To Net: NetName=PGND Pin=U202-41
Added Pin To Net: NetName=BATERIA_OUT Pin=U501-2
Added Pin To Net: NetName=3V3 Pin=U502-1
Added Pin To Net: NetName=PGND Pin=USB?-A1
Added Pin To Net: NetName=PGND Pin=USB?-A12
Added Pin To Net: NetName=PGND Pin=USB?-B1
Added Pin To Net: NetName=PGND Pin=USB?-B12
Added Pin To Net: NetName=PGND Pin=Y101-2
Added Pin To Net: NetName=PGND Pin=Y201-2
Change Net Name : Old Net Name=BATERIA_OUT New Net Name=BAT
Change Net Name : Old Net Name=PGND New Net Name=AGND
Added Pin To Net: NetName=NetR20_1 Pin=R20-1
Added Pin To Net: NetName=NetR20_1 Pin=U20-1
Added Net: Name=NetR20_1
Added Pin To Net: NetName=NetU20_2 Pin=U20-2
Added Net: Name=NetU20_2
Added Pin To Net: NetName=NetU20_3 Pin=U20-3
Added Net: Name=NetU20_3
Added Pin To Net: NetName=UART_RX_BLE Pin=U101-37
Added Net: Name=UART_RX_BLE
Change Class Name : Old Net Name=Designator New Net Name=POWER
Added Class: Name=AFE
Added Class: Name=MCU
Added Class: Name=SUPPLY
