Removed Pin From Net: NetName=LEDR Pin=U101-1
Removed Pin From Net: NetName=LEDG Pin=U101-2
Removed Pin From Net: NetName=LEDB Pin=U101-3
Removed Pin From Net: NetName=/SD WIFI Pin=U101-4
Removed Pin From Net: NetName=BTN INICIO Pin=U101-8
Removed Pin From Net: NetName=AGND_MSP Pin=U101-14
Removed Pin From Net: NetName=3V3 Pin=U101-15
Removed Pin From Net: NetName=GND Pin=U101-16
Removed Pin From Net: NetName=NetC106_1 Pin=U101-17
Removed Pin From Net: NetName=RESET Pin=U101-20
Removed Pin From Net: NetName=LED1 Pin=U101-21
Removed Pin From Net: NetName=LED2 Pin=U101-22
Removed Pin From Net: NetName=INT_MPU Pin=U101-27
Removed Pin From Net: NetName=SDA Pin=U101-34
Removed Pin From Net: NetName=SCL Pin=U101-35
Removed Pin From Net: NetName=ALCC Pin=U101-36
Removed Pin From Net: NetName=UART_RX_BLE Pin=U101-37
Removed Pin From Net: NetName=UART_TX_BLE Pin=U101-38
Removed Pin From Net: NetName=GND Pin=U101-39
Removed Pin From Net: NetName=3V3 Pin=U101-40
Removed Pin From Net: NetName=P4.7/PM_NONE Pin=U101-48
Removed Pin From Net: NetName=GND Pin=U101-49
Removed Pin From Net: NetName=VUSB Pin=U101-54
Removed Pin From Net: NetName=V18 Pin=U101-55
Removed Pin From Net: NetName=AGND_MSP Pin=U101-56
Removed Pin From Net: NetName=XT2IN Pin=U101-57
Removed Pin From Net: NetName=XT2OUT Pin=U101-58
Removed Pin From Net: NetName=TEST/SBWTCK_MSP430 Pin=U101-59
Removed Pin From Net: NetName=TDO_MSP430 Pin=U101-60
Removed Pin From Net: NetName=TDI_MSP430 Pin=U101-61
Removed Pin From Net: NetName=TMS_MSP430 Pin=U101-62
Removed Pin From Net: NetName=TCK_MSP430 Pin=U101-63
Removed Pin From Net: NetName=R\S\T\/SBWTDIO_MSP430 Pin=U101-64
Added Component: Designator=U?(PVQFN-N64)
Added Pin To Net: NetName=LEDR Pin=U?-1
Added Pin To Net: NetName=LEDG Pin=U?-2
Added Pin To Net: NetName=LEDB Pin=U?-3
Added Pin To Net: NetName=/SD WIFI Pin=U?-4
Added Pin To Net: NetName=BTN INICIO Pin=U?-8
Added Pin To Net: NetName=AGND_MSP Pin=U?-14
Added Pin To Net: NetName=3V3 Pin=U?-15
Added Pin To Net: NetName=GND Pin=U?-16
Added Pin To Net: NetName=NetC106_1 Pin=U?-17
Added Pin To Net: NetName=RESET Pin=U?-20
Added Pin To Net: NetName=LED1 Pin=U?-21
Added Pin To Net: NetName=LED2 Pin=U?-22
Added Pin To Net: NetName=INT_MPU Pin=U?-27
Added Pin To Net: NetName=SDA Pin=U?-34
Added Pin To Net: NetName=SCL Pin=U?-35
Added Pin To Net: NetName=ALCC Pin=U?-36
Added Pin To Net: NetName=UART_RX_BLE Pin=U?-37
Added Pin To Net: NetName=UART_TX_BLE Pin=U?-38
Added Pin To Net: NetName=GND Pin=U?-39
Added Pin To Net: NetName=3V3 Pin=U?-40
Added Pin To Net: NetName=P4.7/PM_NONE Pin=U?-48
Added Pin To Net: NetName=GND Pin=U?-49
Added Pin To Net: NetName=VUSB Pin=U?-54
Added Pin To Net: NetName=V18 Pin=U?-55
Added Pin To Net: NetName=AGND_MSP Pin=U?-56
Added Pin To Net: NetName=XT2IN Pin=U?-57
Added Pin To Net: NetName=XT2OUT Pin=U?-58
Added Pin To Net: NetName=TEST/SBWTCK_MSP430 Pin=U?-59
Added Pin To Net: NetName=TDO_MSP430 Pin=U?-60
Added Pin To Net: NetName=TDI_MSP430 Pin=U?-61
Added Pin To Net: NetName=TMS_MSP430 Pin=U?-62
Added Pin To Net: NetName=TCK_MSP430 Pin=U?-63
Added Pin To Net: NetName=R\S\T\/SBWTDIO_MSP430 Pin=U?-64
Added Room: Name=Designator
Added Room: Name=Designator
Added Room: Name=Designator
