Added Component: Designator=C22(C-0402)
Added Component: Designator=C23(C-0402)
Added Component: Designator=C24(CR-0402)
Added Component: Designator=C25(CR-0402)
Added Component: Designator=C26(C-0603)
Added Component: Designator=C27(C-0603)
Added Component: Designator=C28(CR-0402)
Added Component: Designator=C29(C-0603)
Added Component: Designator=C30(C-0603)
Added Component: Designator=D20(DO-214AA d)
Added Component: Designator=D27(LED-0402 - B)
Added Component: Designator=P4(HDR1X2)
Added Component: Designator=P5(HDR1X14)
Added Component: Designator=R20(CR-0402)
Added Component: Designator=R21(CR-0402)
Added Component: Designator=R23(CR-0402)
Added Component: Designator=R25(0402)
Added Component: Designator=R26(CR-0402)
Added Component: Designator=R28(CR-0402)
Added Component: Designator=R29(CR-0402)
Added Component: Designator=R30(CR-0402)
Added Component: Designator=U20(TDFN8)
Added Component: Designator=U21(SO8 DDA)
Added Component: Designator=U22(SOT-23-5_3d)
Added Pin To Net: NetName=/SD WIFI Pin=P5-9
Added Pin To Net: NetName=/SD WIFI Pin=U21-8
Added Net: Name=/SD WIFI
Added Pin To Net: NetName=3.3V Pin=C25-1
Added Pin To Net: NetName=3.3V Pin=C27-1
Added Pin To Net: NetName=3.3V Pin=R26-2
Added Pin To Net: NetName=3.3V Pin=U21-5
Added Net: Name=3.3V
Added Pin To Net: NetName=ADJ Pin=C25-2
Added Pin To Net: NetName=ADJ Pin=R26-1
Added Pin To Net: NetName=ADJ Pin=R28-2
Added Pin To Net: NetName=ADJ Pin=U21-6
Added Net: Name=ADJ
Added Pin To Net: NetName=ALCC_FG Pin=P5-11
Added Pin To Net: NetName=ALCC_FG Pin=R20-1
Added Pin To Net: NetName=ALCC_FG Pin=U20-1
Added Net: Name=ALCC_FG
Added Pin To Net: NetName=BATERIA Pin=C26-1
Added Pin To Net: NetName=BATERIA Pin=C30-1
Added Pin To Net: NetName=BATERIA Pin=P4-1
Added Pin To Net: NetName=BATERIA Pin=P5-1
Added Pin To Net: NetName=BATERIA Pin=P5-2
Added Pin To Net: NetName=BATERIA Pin=R23-2
Added Pin To Net: NetName=BATERIA Pin=U21-4
Added Pin To Net: NetName=BATERIA Pin=U22-3
Added Net: Name=BATERIA
Added Pin To Net: NetName=BYP Pin=C28-1
Added Pin To Net: NetName=BYP Pin=U21-1
Added Net: Name=BYP
Added Pin To Net: NetName=CG Pin=R25-2
Added Pin To Net: NetName=CG Pin=U20-5
Added Net: Name=CG
Added Pin To Net: NetName=DVCC_MSP430 Pin=C22-1
Added Pin To Net: NetName=DVCC_MSP430 Pin=P5-5
Added Pin To Net: NetName=DVCC_MSP430 Pin=R20-2
Added Pin To Net: NetName=DVCC_MSP430 Pin=R21-2
Added Net: Name=DVCC_MSP430
Added Pin To Net: NetName=GND Pin=C22-2
Added Pin To Net: NetName=GND Pin=C23-2
Added Pin To Net: NetName=GND Pin=C24-2
Added Pin To Net: NetName=GND Pin=C26-2
Added Pin To Net: NetName=GND Pin=C27-2
Added Pin To Net: NetName=GND Pin=C28-2
Added Pin To Net: NetName=GND Pin=C29-2
Added Pin To Net: NetName=GND Pin=C30-2
Added Pin To Net: NetName=GND Pin=P4-2
Added Pin To Net: NetName=GND Pin=P5-3
Added Pin To Net: NetName=GND Pin=P5-4
Added Pin To Net: NetName=GND Pin=R25-1
Added Pin To Net: NetName=GND Pin=R28-1
Added Pin To Net: NetName=GND Pin=R29-1
Added Pin To Net: NetName=GND Pin=U20-4
Added Pin To Net: NetName=GND Pin=U21-3
Added Pin To Net: NetName=GND Pin=U22-2
Added Net: Name=GND
Added Pin To Net: NetName=NetD27_1 Pin=D27-1
Added Pin To Net: NetName=NetD27_1 Pin=R30-2
Added Net: Name=NetD27_1
Added Pin To Net: NetName=PROG Pin=R29-2
Added Pin To Net: NetName=PROG Pin=U22-5
Added Net: Name=PROG
Added Pin To Net: NetName=RESET Pin=P5-8
Added Net: Name=RESET
Added Pin To Net: NetName=RX_CC Pin=P5-6
Added Net: Name=RX_CC
Added Pin To Net: NetName=SCL_FG Pin=P5-12
Added Pin To Net: NetName=SCL_FG Pin=U20-3
Added Net: Name=SCL_FG
Added Pin To Net: NetName=SDA_FG Pin=P5-10
Added Pin To Net: NetName=SDA_FG Pin=U20-2
Added Net: Name=SDA_FG
Added Pin To Net: NetName=STAT Pin=D27-2
Added Pin To Net: NetName=STAT Pin=U22-1
Added Net: Name=STAT
Added Pin To Net: NetName=TX_CC Pin=P5-7
Added Net: Name=TX_CC
Added Pin To Net: NetName=V_IN Pin=C23-1
Added Pin To Net: NetName=V_IN Pin=R23-1
Added Pin To Net: NetName=V_IN Pin=U20-8
Added Net: Name=V_IN
Added Pin To Net: NetName=VCC Pin=C24-1
Added Pin To Net: NetName=VCC Pin=R21-1
Added Pin To Net: NetName=VCC Pin=U20-7
Added Net: Name=VCC
Added Pin To Net: NetName=VIN Pin=D20-1
Added Pin To Net: NetName=VIN Pin=P5-13
Added Net: Name=VIN
Added Pin To Net: NetName=VREG Pin=C29-1
Added Pin To Net: NetName=VREG Pin=D20-2
Added Pin To Net: NetName=VREG Pin=R30-1
Added Pin To Net: NetName=VREG Pin=U22-4
Added Net: Name=VREG
Added Class: Name=Designator
Added Class: Name=TOP
Added Room: Name=Designator
Added Room: Name=TOP
