Change Component Designator: OldDesignator=C201 NewDesignator=C4
Change Component Designator: OldDesignator=C202 NewDesignator=C1
Change Component Designator: OldDesignator=C203 NewDesignator=C2
Change Component Designator: OldDesignator=C204 NewDesignator=C3
Change Component Designator: OldDesignator=C205 NewDesignator=C6
Change Component Designator: OldDesignator=C206 NewDesignator=C7
Change Component Designator: OldDesignator=C207 NewDesignator=C5
Change Component Designator: OldDesignator=D201 NewDesignator=D1
Change Component Designator: OldDesignator=D202 NewDesignator=D2
Change Component Designator: OldDesignator=D203 NewDesignator=D3
Change Component Designator: OldDesignator=D204 NewDesignator=D4
Change Component Designator: OldDesignator=L201 NewDesignator=L1
Change Component Designator: OldDesignator=R201 NewDesignator=R2
Change Component Designator: OldDesignator=R202 NewDesignator=R1
Change Component Designator: OldDesignator=U202 NewDesignator=U1
Change Component Designator: OldDesignator=USB? NewDesignator=USB1
Change Component Designator: OldDesignator=Y201 NewDesignator=Y1
Added Component: Designator=R3(R-0402)
Added Component: Designator=R4(R-0402)
Added Component: Designator=U2(SOT23-5)
Added Pin To Net: NetName=VIN Pin=R3-2
Added Pin To Net: NetName=AGND Pin=R4-1
Added Pin To Net: NetName=3.3V Pin=U2-5
Change Net Name : Old Net Name=NetC202_1 New Net Name=NetC1_1
Change Net Name : Old Net Name=NetC203_1 New Net Name=NetC2_1
Change Net Name : Old Net Name=NetL201_2 New Net Name=NetL1_2
Change Net Name : Old Net Name=NetL201_3 New Net Name=NetL1_3
Change Net Name : Old Net Name=NetR201_2 New Net Name=NetR2_2
Added Pin To Net: NetName=NetR3_1 Pin=R3-1
Added Pin To Net: NetName=NetR3_1 Pin=R4-2
Added Pin To Net: NetName=NetR3_1 Pin=U2-2
Added Net: Name=NetR3_1
Added Pin To Net: NetName=NetU2_4 Pin=U2-4
Added Net: Name=NetU2_4
Added Member To Class: ClassName=AFE Member=Component R3 CRCW04021K00FKEDC
Added Member To Class: ClassName=AFE Member=Component R4 CRCW04021K00FKEDC
Added Member To Class: ClassName=AFE Member=Component U2 #NAME?
