Removed Pin From Net: NetName=BATERIA _GND Pin=C22-2
Removed Pin From Net: NetName=BATERIA _GND Pin=C23-2
Removed Pin From Net: NetName=BATERIA _GND Pin=C24-2
Removed Pin From Net: NetName=BATERIA _GND Pin=C26-2
Removed Pin From Net: NetName=BATERIA _GND Pin=C27-2
Removed Pin From Net: NetName=BATERIA _GND Pin=C28-2
Removed Pin From Net: NetName=BATERIA _GND Pin=C29-2
Removed Pin From Net: NetName=BATERIA _GND Pin=C30-2
Removed Pin From Net: NetName=BATERIA _GND Pin=R25-1
Removed Pin From Net: NetName=BATERIA _GND Pin=R28-1
Removed Pin From Net: NetName=BATERIA _GND Pin=R29-1
Removed Pin From Net: NetName=BATERIA _GND Pin=U20-4
Removed Pin From Net: NetName=BATERIA _GND Pin=U21-3
Removed Pin From Net: NetName=BATERIA _GND Pin=U22-2
Added Pin To Net: NetName=GND Pin=C22-2
Added Pin To Net: NetName=GND Pin=C23-2
Added Pin To Net: NetName=GND Pin=C24-2
Added Pin To Net: NetName=GND Pin=C26-2
Added Pin To Net: NetName=GND Pin=C27-2
Added Pin To Net: NetName=GND Pin=C28-2
Added Pin To Net: NetName=GND Pin=C29-2
Added Pin To Net: NetName=GND Pin=C30-2
Added Pin To Net: NetName=GND Pin=R25-1
Added Pin To Net: NetName=GND Pin=R28-1
Added Pin To Net: NetName=GND Pin=R29-1
Added Pin To Net: NetName=GND Pin=U20-4
Added Pin To Net: NetName=GND Pin=U21-3
Added Pin To Net: NetName=GND Pin=U22-2
Added Room: Name=Designator
Added Room: Name=Designator
Added Room: Name=Designator
Added Room: Name=Designator
Added Room: Name=TOP
