Added Component: Designator=C30(C-0603)
Added Component: Designator=P4(HDR1X2)
Added Component: Designator=P5(Con 503480-1400)
Added Component: Designator=R30(R-0402)
Added Pin To Net: NetName=BATERIA_IN Pin=P4-1
Added Pin To Net: NetName=DVCC_MSP430 Pin=P5-5
Added Pin To Net: NetName=RX_CC Pin=P5-6
Added Pin To Net: NetName=TX_CC Pin=P5-7
Added Pin To Net: NetName=RESET Pin=P5-8
Added Pin To Net: NetName=SDA_FG Pin=P5-10
Added Pin To Net: NetName=ALCC_FG Pin=P5-11
Added Pin To Net: NetName=SCL_FG Pin=P5-12
Added Pin To Net: NetName=VIN Pin=P5-13
Added Pin To Net: NetName=VREG Pin=R30-1
Added Pin To Net: NetName=NetD27_1 Pin=R30-2
Added Member To Class: ClassName=TOP Member=Component P4 Bateria
Added Member To Class: ClassName=TOP Member=Component P5 Header 14
Change Room Name: Old Name=Designator_3 New Name=Designator
Change Room Name: Old Name=Designator_2 New Name=TOP
Change Room Scope: Old Scope=InComponentClass('Designator') New Scope=InComponentClass('TOP')
Added Room: Name=Designator
Added Room: Name=Designator
