Replace Part C501 F981A106MMA in C:\Users\cruziv1\Documents\archivos altium\OX_V1_RA\OX_V1_RA\POWER.SchDoc with F981A106MMA from TarjetaPrincipalV1_4.SCHLIB
Replace Part C502 C1005X7R1H104M050BB in C:\Users\cruziv1\Documents\archivos altium\OX_V1_RA\OX_V1_RA\POWER.SchDoc with C1005X7R1H104M050BB from TarjetaPrincipalV1_4.SCHLIB
Replace Part C503 F981A106MMA in C:\Users\cruziv1\Documents\archivos altium\OX_V1_RA\OX_V1_RA\POWER.SchDoc with F981A106MMA from TarjetaPrincipalV1_4.SCHLIB
Replace Part C504 F981A106MMA in C:\Users\cruziv1\Documents\archivos altium\OX_V1_RA\OX_V1_RA\POWER.SchDoc with F981A106MMA from TarjetaPrincipalV1_4.SCHLIB
Replace Part C505 C1005X7R1H103K050BB in C:\Users\cruziv1\Documents\archivos altium\OX_V1_RA\OX_V1_RA\POWER.SchDoc with C1005X7R1H103K050BB from TarjetaPrincipalV1_4.SCHLIB
Replace Part C506 C1005X7R1H103K050BB in C:\Users\cruziv1\Documents\archivos altium\OX_V1_RA\OX_V1_RA\POWER.SchDoc with C1005X7R1H103K050BB from TarjetaPrincipalV1_4.SCHLIB
Replace Part C507 C1005X5R1E105K050BC in C:\Users\cruziv1\Documents\archivos altium\OX_V1_RA\OX_V1_RA\POWER.SchDoc with C1005X5R1E105K050BC from TarjetaPrincipalV1_4.SCHLIB
Replace Part C508 F981A106MMA in C:\Users\cruziv1\Documents\archivos altium\OX_V1_RA\OX_V1_RA\POWER.SchDoc with F981A106MMA from TarjetaPrincipalV1_4.SCHLIB
Replace Part C509 F981A106MMA in C:\Users\cruziv1\Documents\archivos altium\OX_V1_RA\OX_V1_RA\POWER.SchDoc with F981A106MMA from TarjetaPrincipalV1_4.SCHLIB
Replace Part C510 C1005X7R1H103K050BB in C:\Users\cruziv1\Documents\archivos altium\OX_V1_RA\OX_V1_RA\POWER.SchDoc with C1005X7R1H103K050BB from TarjetaPrincipalV1_4.SCHLIB
Replace Part C511 C1005X7R1H103K050BB in C:\Users\cruziv1\Documents\archivos altium\OX_V1_RA\OX_V1_RA\POWER.SchDoc with C1005X7R1H103K050BB from TarjetaPrincipalV1_4.SCHLIB
Replace Part C512 F981A106MMA in C:\Users\cruziv1\Documents\archivos altium\OX_V1_RA\OX_V1_RA\POWER.SchDoc with F981A106MMA from TarjetaPrincipalV1_4.SCHLIB
Replace Part C513 F981A106MMA in C:\Users\cruziv1\Documents\archivos altium\OX_V1_RA\OX_V1_RA\POWER.SchDoc with F981A106MMA from TarjetaPrincipalV1_4.SCHLIB
Replace Part C514 C1005X7R1H103K050BB in C:\Users\cruziv1\Documents\archivos altium\OX_V1_RA\OX_V1_RA\POWER.SchDoc with C1005X7R1H103K050BB from TarjetaPrincipalV1_4.SCHLIB
Replace Part C516 F981A106MMA in C:\Users\cruziv1\Documents\archivos altium\OX_V1_RA\OX_V1_RA\POWER.SchDoc with F981A106MMA from TarjetaPrincipalV1_4.SCHLIB
Replace Part C517 F981A106MMA in C:\Users\cruziv1\Documents\archivos altium\OX_V1_RA\OX_V1_RA\POWER.SchDoc with F981A106MMA from TarjetaPrincipalV1_4.SCHLIB
Replace Part C518 C1005X7R1E102K050BA in C:\Users\cruziv1\Documents\archivos altium\OX_V1_RA\OX_V1_RA\POWER.SchDoc with C1005X7R1E102K050BA from TarjetaPrincipalV1_4.SCHLIB
Replace Part C519 F981A106MMA in C:\Users\cruziv1\Documents\archivos altium\OX_V1_RA\OX_V1_RA\POWER.SchDoc with F981A106MMA from TarjetaPrincipalV1_4.SCHLIB
Replace Part C520 F981A106MMA in C:\Users\cruziv1\Documents\archivos altium\OX_V1_RA\OX_V1_RA\POWER.SchDoc with F981A106MMA from TarjetaPrincipalV1_4.SCHLIB
Replace Part C521 F981A106MMA in C:\Users\cruziv1\Documents\archivos altium\OX_V1_RA\OX_V1_RA\POWER.SchDoc with F981A106MMA from TarjetaPrincipalV1_4.SCHLIB
Replace Part L501 WE-TPC 2811, T, 744028100 in C:\Users\cruziv1\Documents\archivos altium\OX_V1_RA\OX_V1_RA\POWER.SchDoc with WE-TPC 2811, T, 744028100 from TarjetaPrincipalV1_4.SCHLIB
Replace Part L502 WE-CBF HF 0402, 742841210 in C:\Users\cruziv1\Documents\archivos altium\OX_V1_RA\OX_V1_RA\POWER.SchDoc with WE-CBF HF 0402, 742841210 from TarjetaPrincipalV1_4.SCHLIB
Replace Part L503 WE-CBF HF 0402, 742841210 in C:\Users\cruziv1\Documents\archivos altium\OX_V1_RA\OX_V1_RA\POWER.SchDoc with WE-CBF HF 0402, 742841210 from TarjetaPrincipalV1_4.SCHLIB
Replace Part L504 WE-CBF HF 0402, 742841210 in C:\Users\cruziv1\Documents\archivos altium\OX_V1_RA\OX_V1_RA\POWER.SchDoc with WE-CBF HF 0402, 742841210 from TarjetaPrincipalV1_4.SCHLIB
Replace Part L505 WE-CBF HF 0402, 742841210 in C:\Users\cruziv1\Documents\archivos altium\OX_V1_RA\OX_V1_RA\POWER.SchDoc with WE-CBF HF 0402, 742841210 from TarjetaPrincipalV1_4.SCHLIB
Replace Part L506 WE-CBF HF 0402, 742841210 in C:\Users\cruziv1\Documents\archivos altium\OX_V1_RA\OX_V1_RA\POWER.SchDoc with WE-CBF HF 0402, 742841210 from TarjetaPrincipalV1_4.SCHLIB
Replace Part P101 Header 14 in C:\Users\cruziv1\Documents\archivos altium\OX_V1_RA\OX_V1_RA\POWER.SchDoc with Header 14 from BASE OXIMETRO.SCHLIB
Replace Part R501 CRCW02010000Z0ED in C:\Users\cruziv1\Documents\archivos altium\OX_V1_RA\OX_V1_RA\POWER.SchDoc with CRCW02010000Z0ED from TarjetaPrincipalV1_4.SCHLIB
Replace Part R502 CRCW0201200KFNED in C:\Users\cruziv1\Documents\archivos altium\OX_V1_RA\OX_V1_RA\POWER.SchDoc with CRCW0201200KFNED from TarjetaPrincipalV1_4.SCHLIB
Replace Part R503 CRCW0201180KFNED in C:\Users\cruziv1\Documents\archivos altium\OX_V1_RA\OX_V1_RA\POWER.SchDoc with CRCW0201180KFNED from TarjetaPrincipalV1_4.SCHLIB
Replace Part R504 CRCW020115K0FNED in C:\Users\cruziv1\Documents\archivos altium\OX_V1_RA\OX_V1_RA\POWER.SchDoc with CRCW020115K0FNED from TarjetaPrincipalV1_4.SCHLIB
Replace Part R505 CRCW020175K0FNED in C:\Users\cruziv1\Documents\archivos altium\OX_V1_RA\OX_V1_RA\POWER.SchDoc with CRCW020175K0FNED from TarjetaPrincipalV1_4.SCHLIB
Replace Part R506 CRCW020147K0FNED in C:\Users\cruziv1\Documents\archivos altium\OX_V1_RA\OX_V1_RA\POWER.SchDoc with CRCW020147K0FNED from TarjetaPrincipalV1_4.SCHLIB
Replace Part R507 CRCW020175K0FNED in C:\Users\cruziv1\Documents\archivos altium\OX_V1_RA\OX_V1_RA\POWER.SchDoc with CRCW020175K0FNED from TarjetaPrincipalV1_4.SCHLIB
Replace Part R508 CRCW020147K0FNED in C:\Users\cruziv1\Documents\archivos altium\OX_V1_RA\OX_V1_RA\POWER.SchDoc with CRCW020147K0FNED from TarjetaPrincipalV1_4.SCHLIB
Replace Part R509 CRCW02014K02FNED in C:\Users\cruziv1\Documents\archivos altium\OX_V1_RA\OX_V1_RA\POWER.SchDoc with CRCW02014K02FNED from TarjetaPrincipalV1_4.SCHLIB
Replace Part R510 CRCW02011K00FNED in C:\Users\cruziv1\Documents\archivos altium\OX_V1_RA\OX_V1_RA\POWER.SchDoc with CRCW02011K00FNED from TarjetaPrincipalV1_4.SCHLIB
Replace Part R511 CRCW02010000Z0ED in C:\Users\cruziv1\Documents\archivos altium\OX_V1_RA\OX_V1_RA\POWER.SchDoc with CRCW02010000Z0ED from TarjetaPrincipalV1_4.SCHLIB
Replace Part R520 Res1 in C:\Users\cruziv1\Documents\archivos altium\OX_V1_RA\OX_V1_RA\POWER.SchDoc with Res1 from TarjetaPrincipalV1_4.SCHLIB
Replace Part R521 Res1 in C:\Users\cruziv1\Documents\archivos altium\OX_V1_RA\OX_V1_RA\POWER.SchDoc with Res1 from TarjetaPrincipalV1_4.SCHLIB
Replace Part TP501 TestPoint in C:\Users\cruziv1\Documents\archivos altium\OX_V1_RA\OX_V1_RA\POWER.SchDoc with TestPoint from TarjetaPrincipalV1_4.SCHLIB
Replace Part TP502 TestPoint in C:\Users\cruziv1\Documents\archivos altium\OX_V1_RA\OX_V1_RA\POWER.SchDoc with TestPoint from TarjetaPrincipalV1_4.SCHLIB
Replace Part TP503 TestPoint in C:\Users\cruziv1\Documents\archivos altium\OX_V1_RA\OX_V1_RA\POWER.SchDoc with TestPoint from TarjetaPrincipalV1_4.SCHLIB
Replace Part TP504 TestPoint in C:\Users\cruziv1\Documents\archivos altium\OX_V1_RA\OX_V1_RA\POWER.SchDoc with TestPoint from TarjetaPrincipalV1_4.SCHLIB
Replace Part U501 TPS61093DSK in C:\Users\cruziv1\Documents\archivos altium\OX_V1_RA\OX_V1_RA\POWER.SchDoc with TPS61093DSK from TarjetaPrincipalV1_4.SCHLIB
Replace Part U502 TPS7A4901DGN in C:\Users\cruziv1\Documents\archivos altium\OX_V1_RA\OX_V1_RA\POWER.SchDoc with TPS7A4901DGN from TarjetaPrincipalV1_4.SCHLIB
Replace Part U503 TPS7A4901DGN in C:\Users\cruziv1\Documents\archivos altium\OX_V1_RA\OX_V1_RA\POWER.SchDoc with TPS7A4901DGN from TarjetaPrincipalV1_4.SCHLIB
Replace Part U504 LP3878MRX-ADJ/NOPB in C:\Users\cruziv1\Documents\archivos altium\OX_V1_RA\OX_V1_RA\POWER.SchDoc with LP3878MRX-ADJ/NOPB from TarjetaPrincipalV1_4.SCHLIB
