Change Component Designator: Old Designator=C22 New Designator=C8
Change Component Designator: Old Designator=C23 New Designator=C9
Change Component Designator: Old Designator=C24 New Designator=C10
Change Component Designator: Old Designator=C25 New Designator=C11
Change Component Designator: Old Designator=C26 New Designator=C12
Change Component Designator: Old Designator=C27 New Designator=C13
Change Component Designator: Old Designator=C28 New Designator=C14
Change Component Designator: Old Designator=C29 New Designator=C15
Change Component Designator: Old Designator=C30 New Designator=C16
Change Component Designator: Old Designator=D20 New Designator=D5
Change Component Designator: Old Designator=D27 New Designator=D6
Change Component Designator: Old Designator=P? New Designator=P1
Change Component Designator: Old Designator=P? New Designator=P2
Change Component Designator: Old Designator=R20 New Designator=R5
Change Component Designator: Old Designator=R21 New Designator=R6
Change Component Designator: Old Designator=R23 New Designator=R7
Change Component Designator: Old Designator=R25 New Designator=R8
Change Component Designator: Old Designator=R26 New Designator=R9
Change Component Designator: Old Designator=R28 New Designator=R10
Change Component Designator: Old Designator=R29 New Designator=R11
Change Component Designator: Old Designator=R30 New Designator=R12
Change Component Designator: Old Designator=U20 New Designator=U4
Change Component Designator: Old Designator=U21 New Designator=U5
Change Component Designator: Old Designator=U22 New Designator=U6
