Replace Part C22 C1005X7R1H104M050BB in C:\Users\cruziv1\Documents\archivos altium\OX_V1_RA\OX_V1_RA\SUPPLY.SchDoc with C1005X7R1H104M050BB from BASE OXIMETRO.SCHLIB
Replace Part C23 C1005X7R1H104M050BB in C:\Users\cruziv1\Documents\archivos altium\OX_V1_RA\OX_V1_RA\SUPPLY.SchDoc with C1005X7R1H104M050BB from BASE OXIMETRO.SCHLIB
Replace Part C24 C1005X5R1E105K050BC in C:\Users\cruziv1\Documents\archivos altium\OX_V1_RA\OX_V1_RA\SUPPLY.SchDoc with C1005X5R1E105K050BC from BASE OXIMETRO.SCHLIB
Replace Part C25 C1005X7R1E102K050BA in C:\Users\cruziv1\Documents\archivos altium\OX_V1_RA\OX_V1_RA\SUPPLY.SchDoc with C1005X7R1E102K050BA from BASE OXIMETRO.SCHLIB
Replace Part C26 F981A106MMA in C:\Users\cruziv1\Documents\archivos altium\OX_V1_RA\OX_V1_RA\SUPPLY.SchDoc with F981A106MMA from BASE OXIMETRO.SCHLIB
Replace Part C27 F981A106MMA in C:\Users\cruziv1\Documents\archivos altium\OX_V1_RA\OX_V1_RA\SUPPLY.SchDoc with F981A106MMA from BASE OXIMETRO.SCHLIB
Replace Part C28 C1005X7R1H103K050BB in C:\Users\cruziv1\Documents\archivos altium\OX_V1_RA\OX_V1_RA\SUPPLY.SchDoc with C1005X7R1H103K050BB from BASE OXIMETRO.SCHLIB
Replace Part C29 F981C475MMA in C:\Users\cruziv1\Documents\archivos altium\OX_V1_RA\OX_V1_RA\SUPPLY.SchDoc with F981C475MMA from BASE OXIMETRO.SCHLIB
Replace Part C30 F981C475MMA in C:\Users\cruziv1\Documents\archivos altium\OX_V1_RA\OX_V1_RA\SUPPLY.SchDoc with F981C475MMA from BASE OXIMETRO.SCHLIB
Replace Part D20 Diode in C:\Users\cruziv1\Documents\archivos altium\OX_V1_RA\OX_V1_RA\SUPPLY.SchDoc with Diode from BASE OXIMETRO.SCHLIB
Replace Part D27 LED0 in C:\Users\cruziv1\Documents\archivos altium\OX_V1_RA\OX_V1_RA\SUPPLY.SchDoc with LED0 from BASE OXIMETRO.SCHLIB
Replace Part R20 CRCW02014K70FNED in C:\Users\cruziv1\Documents\archivos altium\OX_V1_RA\OX_V1_RA\SUPPLY.SchDoc with CRCW02014K70FNED from BASE OXIMETRO.SCHLIB
Replace Part R21 CRCW0201150RFNED in C:\Users\cruziv1\Documents\archivos altium\OX_V1_RA\OX_V1_RA\SUPPLY.SchDoc with CRCW0201150RFNED from BASE OXIMETRO.SCHLIB
Replace Part R23 CRCW02011K00FNED in C:\Users\cruziv1\Documents\archivos altium\OX_V1_RA\OX_V1_RA\SUPPLY.SchDoc with CRCW02011K00FNED from BASE OXIMETRO.SCHLIB
Replace Part R25 ERJ-2BSFR20X in C:\Users\cruziv1\Documents\archivos altium\OX_V1_RA\OX_V1_RA\SUPPLY.SchDoc with ERJ-2BSFR20X from BASE OXIMETRO.SCHLIB
Replace Part R26 CRCW02014K02FNED in C:\Users\cruziv1\Documents\archivos altium\OX_V1_RA\OX_V1_RA\SUPPLY.SchDoc with CRCW02014K02FNED from BASE OXIMETRO.SCHLIB
Replace Part R28 CRCW02011K00FNED in C:\Users\cruziv1\Documents\archivos altium\OX_V1_RA\OX_V1_RA\SUPPLY.SchDoc with CRCW02011K00FNED from BASE OXIMETRO.SCHLIB
Replace Part R29 ERJ-2GEJ202X in C:\Users\cruziv1\Documents\archivos altium\OX_V1_RA\OX_V1_RA\SUPPLY.SchDoc with ERJ-2GEJ202X from BASE OXIMETRO.SCHLIB
Replace Part R30 ERJ-2GEJ331X in C:\Users\cruziv1\Documents\archivos altium\OX_V1_RA\OX_V1_RA\SUPPLY.SchDoc with ERJ-2GEJ331X from BASE OXIMETRO.SCHLIB
Replace Part U20 STC3105 in C:\Users\cruziv1\Documents\archivos altium\OX_V1_RA\OX_V1_RA\SUPPLY.SchDoc with STC3105 from BASE OXIMETRO.SCHLIB
Replace Part U21 LP3878MRX-ADJ/NOPB in C:\Users\cruziv1\Documents\archivos altium\OX_V1_RA\OX_V1_RA\SUPPLY.SchDoc with LP3878MRX-ADJ/NOPB from BASE OXIMETRO.SCHLIB
Replace Part U22 MCP73831T-2ACI/OT in C:\Users\cruziv1\Documents\archivos altium\OX_V1_RA\OX_V1_RA\SUPPLY.SchDoc with MCP73831T-2ACI/OT from BASE OXIMETRO.SCHLIB
